Build started 28/04/2017 3:07:02 PM.
     1>Project "C:\Users\Enryu100\Documents\Uni Stuff\ICT397\ICT397_Main_Project-7\ICT397_Main_Project-7f4a714e0f5d66295a2bbba34c45a78d43999aa1\BiteClub\BiteClub\BiteClub.vcxproj" on node 2 (Build target(s)).
     1>ClCompile:
         C:\Program Files (x86)\Microsoft Visual Studio 11.0\VC\bin\CL.exe /c /I../dependencies/include /ZI /nologo /W3 /WX- /sdl /Od /Oy- /D WIN32 /D _DEBUG /D _CONSOLE /D _UNICODE /D UNICODE /Gm /EHsc /RTC1 /MDd /GS /fp:precise /Zc:wchar_t /Zc:forScope /Fo"Debug\\" /Fd"Debug\vc110.pdb" /Gd /TP /analyze- /errorReport:prompt Camera.cpp GameFactory.cpp GameObject.cpp graphics.cpp lua_Script.cpp main.cpp MainGame.cpp ObjLoader.cpp Terrain.cpp Types.cpp
         Types.cpp
         Terrain.cpp
     1>c:\users\enryu100\documents\uni stuff\ict397\ict397_main_project-7\ict397_main_project-7f4a714e0f5d66295a2bbba34c45a78d43999aa1\biteclub\biteclub\terrain.cpp(32): warning C4244: '=' : conversion from 'std::streamoff' to 'int', possible loss of data
         ObjLoader.cpp
     1>c:\users\enryu100\documents\uni stuff\ict397\ict397_main_project-7\ict397_main_project-7f4a714e0f5d66295a2bbba34c45a78d43999aa1\biteclub\biteclub\objloader.cpp(86): warning C4018: '<' : signed/unsigned mismatch
     1>c:\users\enryu100\documents\uni stuff\ict397\ict397_main_project-7\ict397_main_project-7f4a714e0f5d66295a2bbba34c45a78d43999aa1\biteclub\biteclub\objloader.cpp(98): warning C4018: '<' : signed/unsigned mismatch
     1>c:\users\enryu100\documents\uni stuff\ict397\ict397_main_project-7\ict397_main_project-7f4a714e0f5d66295a2bbba34c45a78d43999aa1\biteclub\biteclub\objloader.cpp(49): warning C4101: 'uvIndex' : unreferenced local variable
         MainGame.cpp
     1>c:\users\enryu100\documents\uni stuff\ict397\ict397_main_project-7\ict397_main_project-7f4a714e0f5d66295a2bbba34c45a78d43999aa1\biteclub\biteclub\maingame.cpp(76): warning C4018: '<' : signed/unsigned mismatch
         main.cpp
         lua_Script.cpp
         graphics.cpp
     1>c:\users\enryu100\documents\uni stuff\ict397\ict397_main_project-7\ict397_main_project-7f4a714e0f5d66295a2bbba34c45a78d43999aa1\biteclub\biteclub\graphics.cpp(20): warning C4018: '<' : signed/unsigned mismatch
     1>c:\users\enryu100\documents\uni stuff\ict397\ict397_main_project-7\ict397_main_project-7f4a714e0f5d66295a2bbba34c45a78d43999aa1\biteclub\biteclub\graphics.cpp(145): warning C4018: '<' : signed/unsigned mismatch
     1>c:\users\enryu100\documents\uni stuff\ict397\ict397_main_project-7\ict397_main_project-7f4a714e0f5d66295a2bbba34c45a78d43999aa1\biteclub\biteclub\graphics.cpp(150): warning C4018: '<' : signed/unsigned mismatch
         GameObject.cpp
         GameFactory.cpp
         Camera.cpp
     1>c:\users\enryu100\documents\uni stuff\ict397\ict397_main_project-7\ict397_main_project-7f4a714e0f5d66295a2bbba34c45a78d43999aa1\biteclub\biteclub\camera.cpp(35): warning C4244: '+=' : conversion from 'double' to 'float', possible loss of data
     1>c:\users\enryu100\documents\uni stuff\ict397\ict397_main_project-7\ict397_main_project-7f4a714e0f5d66295a2bbba34c45a78d43999aa1\biteclub\biteclub\camera.cpp(36): warning C4244: '+=' : conversion from 'double' to 'float', possible loss of data
     1>c:\users\enryu100\documents\uni stuff\ict397\ict397_main_project-7\ict397_main_project-7f4a714e0f5d66295a2bbba34c45a78d43999aa1\biteclub\biteclub\camera.cpp(41): warning C4244: '+=' : conversion from 'double' to 'float', possible loss of data
     1>c:\users\enryu100\documents\uni stuff\ict397\ict397_main_project-7\ict397_main_project-7f4a714e0f5d66295a2bbba34c45a78d43999aa1\biteclub\biteclub\camera.cpp(42): warning C4244: '+=' : conversion from 'double' to 'float', possible loss of data
     1>c:\users\enryu100\documents\uni stuff\ict397\ict397_main_project-7\ict397_main_project-7f4a714e0f5d66295a2bbba34c45a78d43999aa1\biteclub\biteclub\camera.cpp(58): warning C4244: '*=' : conversion from 'double' to 'float', possible loss of data
     1>c:\users\enryu100\documents\uni stuff\ict397\ict397_main_project-7\ict397_main_project-7f4a714e0f5d66295a2bbba34c45a78d43999aa1\biteclub\biteclub\camera.cpp(59): warning C4305: '*=' : truncation from 'double' to 'float'
     1>c:\users\enryu100\documents\uni stuff\ict397\ict397_main_project-7\ict397_main_project-7f4a714e0f5d66295a2bbba34c45a78d43999aa1\biteclub\biteclub\camera.cpp(61): warning C4244: '=' : conversion from 'double' to 'float', possible loss of data
     1>c:\users\enryu100\documents\uni stuff\ict397\ict397_main_project-7\ict397_main_project-7f4a714e0f5d66295a2bbba34c45a78d43999aa1\biteclub\biteclub\camera.cpp(62): warning C4244: '=' : conversion from 'double' to 'float', possible loss of data
     1>c:\users\enryu100\documents\uni stuff\ict397\ict397_main_project-7\ict397_main_project-7f4a714e0f5d66295a2bbba34c45a78d43999aa1\biteclub\biteclub\camera.cpp(63): warning C4244: '=' : conversion from 'double' to 'float', possible loss of data
     1>c:\users\enryu100\documents\uni stuff\ict397\ict397_main_project-7\ict397_main_project-7f4a714e0f5d66295a2bbba34c45a78d43999aa1\biteclub\biteclub\camera.cpp(65): warning C4244: '=' : conversion from 'double' to 'float', possible loss of data
     1>c:\users\enryu100\documents\uni stuff\ict397\ict397_main_project-7\ict397_main_project-7f4a714e0f5d66295a2bbba34c45a78d43999aa1\biteclub\biteclub\camera.cpp(66): warning C4244: '=' : conversion from 'double' to 'float', possible loss of data
     1>c:\users\enryu100\documents\uni stuff\ict397\ict397_main_project-7\ict397_main_project-7f4a714e0f5d66295a2bbba34c45a78d43999aa1\biteclub\biteclub\camera.cpp(67): warning C4244: '=' : conversion from 'double' to 'float', possible loss of data
         Generating Code...
       Link:
         C:\Program Files (x86)\Microsoft Visual Studio 11.0\VC\bin\link.exe /ERRORREPORT:PROMPT /OUT:"C:\Users\Enryu100\Documents\Uni Stuff\ICT397\ICT397_Main_Project-7\ICT397_Main_Project-7f4a714e0f5d66295a2bbba34c45a78d43999aa1\BiteClub\Debug\BiteClub.exe" /INCREMENTAL /NOLOGO /LIBPATH:../dependencies/lib gl/opengl32.lib gl/freeglut.lib lua/lua5.3.lib SDL/SDL2.lib SDL/SDL2main.lib kernel32.lib user32.lib gdi32.lib winspool.lib comdlg32.lib advapi32.lib shell32.lib ole32.lib oleaut32.lib uuid.lib odbc32.lib odbccp32.lib /MANIFEST /MANIFESTUAC:"level='asInvoker' uiAccess='false'" /manifest:embed /DEBUG /PDB:"C:\Users\Enryu100\Documents\Uni Stuff\ICT397\ICT397_Main_Project-7\ICT397_Main_Project-7f4a714e0f5d66295a2bbba34c45a78d43999aa1\BiteClub\Debug\BiteClub.pdb" /SUBSYSTEM:CONSOLE /TLBID:1 /DYNAMICBASE /NXCOMPAT /IMPLIB:"C:\Users\Enryu100\Documents\Uni Stuff\ICT397\ICT397_Main_Project-7\ICT397_Main_Project-7f4a714e0f5d66295a2bbba34c45a78d43999aa1\BiteClub\Debug\BiteClub.lib" /MACHINE:X86 Debug\Camera.obj
         Debug\GameFactory.obj
         Debug\GameObject.obj
         Debug\graphics.obj
         Debug\lua_Script.obj
         Debug\main.obj
         Debug\MainGame.obj
         Debug\ObjLoader.obj
         Debug\Terrain.obj
         Debug\Types.obj
         BiteClub.vcxproj -> C:\Users\Enryu100\Documents\Uni Stuff\ICT397\ICT397_Main_Project-7\ICT397_Main_Project-7f4a714e0f5d66295a2bbba34c45a78d43999aa1\BiteClub\Debug\BiteClub.exe
     1>Done Building Project "C:\Users\Enryu100\Documents\Uni Stuff\ICT397\ICT397_Main_Project-7\ICT397_Main_Project-7f4a714e0f5d66295a2bbba34c45a78d43999aa1\BiteClub\BiteClub\BiteClub.vcxproj" (Build target(s)).

Build succeeded.

Time Elapsed 00:00:05.66
