C:\USERS\ENRYU100\DOCUMENTS\GITHUB\ICT397_MAIN_PROJECT\BITECLUB\BITECLUB\DEBUG\CAMERA.OBJ
C:\USERS\ENRYU100\DOCUMENTS\GITHUB\ICT397_MAIN_PROJECT\BITECLUB\BITECLUB\DEBUG\GRAPHICS.OBJ
C:\USERS\ENRYU100\DOCUMENTS\GITHUB\ICT397_MAIN_PROJECT\BITECLUB\BITECLUB\DEBUG\LUA_SCRIPT.OBJ
C:\USERS\ENRYU100\DOCUMENTS\GITHUB\ICT397_MAIN_PROJECT\BITECLUB\BITECLUB\DEBUG\MAIN.OBJ
C:\USERS\ENRYU100\DOCUMENTS\GITHUB\ICT397_MAIN_PROJECT\BITECLUB\BITECLUB\DEBUG\MAINGAME.OBJ
C:\USERS\ENRYU100\DOCUMENTS\GITHUB\ICT397_MAIN_PROJECT\BITECLUB\BITECLUB\DEBUG\TERRAIN.OBJ
C:\USERS\ENRYU100\DOCUMENTS\GITHUB\ICT397_MAIN_PROJECT\BITECLUB\BITECLUB\DEBUG\TYPES.OBJ
C:\USERS\ENRYU100\DOCUMENTS\GITHUB\ICT397_MAIN_PROJECT\BITECLUB\BITECLUB\DEBUG\VC110.PDB
C:\USERS\ENRYU100\DOCUMENTS\GITHUB\ICT397_MAIN_PROJECT\BITECLUB\BITECLUB\DEBUG\GAMEFACTORY.OBJ
C:\USERS\ENRYU100\DOCUMENTS\GITHUB\ICT397_MAIN_PROJECT\BITECLUB\BITECLUB\DEBUG\GAMEOBJECT.OBJ
C:\USERS\ENRYU100\DOCUMENTS\GITHUB\ICT397_MAIN_PROJECT\BITECLUB\DEBUG\BITECLUB.ILK
C:\USERS\ENRYU100\DOCUMENTS\GITHUB\ICT397_MAIN_PROJECT\BITECLUB\DEBUG\BITECLUB.EXE
C:\USERS\ENRYU100\DOCUMENTS\GITHUB\ICT397_MAIN_PROJECT\BITECLUB\DEBUG\BITECLUB.PDB
C:\Users\Enryu100\Documents\GitHub\ICT397_Main_Project\BiteClub\BiteClub\Debug\Camera.obj
C:\Users\Enryu100\Documents\GitHub\ICT397_Main_Project\BiteClub\BiteClub\Debug\GameFactory.obj
C:\Users\Enryu100\Documents\GitHub\ICT397_Main_Project\BiteClub\BiteClub\Debug\GameObject.obj
C:\Users\Enryu100\Documents\GitHub\ICT397_Main_Project\BiteClub\BiteClub\Debug\graphics.obj
C:\Users\Enryu100\Documents\GitHub\ICT397_Main_Project\BiteClub\BiteClub\Debug\lua_Script.obj
C:\Users\Enryu100\Documents\GitHub\ICT397_Main_Project\BiteClub\BiteClub\Debug\main.obj
C:\Users\Enryu100\Documents\GitHub\ICT397_Main_Project\BiteClub\BiteClub\Debug\MainGame.obj
C:\Users\Enryu100\Documents\GitHub\ICT397_Main_Project\BiteClub\BiteClub\Debug\Terrain.obj
C:\Users\Enryu100\Documents\GitHub\ICT397_Main_Project\BiteClub\BiteClub\Debug\Types.obj
C:\Users\Enryu100\Documents\GitHub\ICT397_Main_Project\BiteClub\BiteClub\Debug\cl.command.1.tlog
C:\Users\Enryu100\Documents\GitHub\ICT397_Main_Project\BiteClub\BiteClub\Debug\CL.read.1.tlog
C:\Users\Enryu100\Documents\GitHub\ICT397_Main_Project\BiteClub\BiteClub\Debug\CL.write.1.tlog
C:\Users\Enryu100\Documents\GitHub\ICT397_Main_Project\BiteClub\BiteClub\Debug\link-cvtres.read.1.tlog
C:\Users\Enryu100\Documents\GitHub\ICT397_Main_Project\BiteClub\BiteClub\Debug\link-cvtres.write.1.tlog
C:\Users\Enryu100\Documents\GitHub\ICT397_Main_Project\BiteClub\BiteClub\Debug\link-rc.read.1.tlog
C:\Users\Enryu100\Documents\GitHub\ICT397_Main_Project\BiteClub\BiteClub\Debug\link-rc.write.1.tlog
C:\Users\Enryu100\Documents\GitHub\ICT397_Main_Project\BiteClub\BiteClub\Debug\link.10116-cvtres.read.1.tlog
C:\Users\Enryu100\Documents\GitHub\ICT397_Main_Project\BiteClub\BiteClub\Debug\link.10116-cvtres.write.1.tlog
C:\Users\Enryu100\Documents\GitHub\ICT397_Main_Project\BiteClub\BiteClub\Debug\link.10116-rc.read.1.tlog
C:\Users\Enryu100\Documents\GitHub\ICT397_Main_Project\BiteClub\BiteClub\Debug\link.10116-rc.write.1.tlog
C:\Users\Enryu100\Documents\GitHub\ICT397_Main_Project\BiteClub\BiteClub\Debug\link.10116.read.1.tlog
C:\Users\Enryu100\Documents\GitHub\ICT397_Main_Project\BiteClub\BiteClub\Debug\link.10116.write.1.tlog
C:\Users\Enryu100\Documents\GitHub\ICT397_Main_Project\BiteClub\BiteClub\Debug\link.1440-cvtres.read.1.tlog
C:\Users\Enryu100\Documents\GitHub\ICT397_Main_Project\BiteClub\BiteClub\Debug\link.1440-cvtres.write.1.tlog
C:\Users\Enryu100\Documents\GitHub\ICT397_Main_Project\BiteClub\BiteClub\Debug\link.1440-rc.read.1.tlog
C:\Users\Enryu100\Documents\GitHub\ICT397_Main_Project\BiteClub\BiteClub\Debug\link.1440-rc.write.1.tlog
C:\Users\Enryu100\Documents\GitHub\ICT397_Main_Project\BiteClub\BiteClub\Debug\link.1440.read.1.tlog
C:\Users\Enryu100\Documents\GitHub\ICT397_Main_Project\BiteClub\BiteClub\Debug\link.1440.write.1.tlog
C:\Users\Enryu100\Documents\GitHub\ICT397_Main_Project\BiteClub\BiteClub\Debug\link.1908-cvtres.read.1.tlog
C:\Users\Enryu100\Documents\GitHub\ICT397_Main_Project\BiteClub\BiteClub\Debug\link.1908-cvtres.write.1.tlog
C:\Users\Enryu100\Documents\GitHub\ICT397_Main_Project\BiteClub\BiteClub\Debug\link.1908-rc.read.1.tlog
C:\Users\Enryu100\Documents\GitHub\ICT397_Main_Project\BiteClub\BiteClub\Debug\link.1908-rc.write.1.tlog
C:\Users\Enryu100\Documents\GitHub\ICT397_Main_Project\BiteClub\BiteClub\Debug\link.1908.read.1.tlog
C:\Users\Enryu100\Documents\GitHub\ICT397_Main_Project\BiteClub\BiteClub\Debug\link.1908.write.1.tlog
C:\Users\Enryu100\Documents\GitHub\ICT397_Main_Project\BiteClub\BiteClub\Debug\link.2844-cvtres.read.1.tlog
C:\Users\Enryu100\Documents\GitHub\ICT397_Main_Project\BiteClub\BiteClub\Debug\link.2844-cvtres.write.1.tlog
C:\Users\Enryu100\Documents\GitHub\ICT397_Main_Project\BiteClub\BiteClub\Debug\link.2844-rc.read.1.tlog
C:\Users\Enryu100\Documents\GitHub\ICT397_Main_Project\BiteClub\BiteClub\Debug\link.2844-rc.write.1.tlog
C:\Users\Enryu100\Documents\GitHub\ICT397_Main_Project\BiteClub\BiteClub\Debug\link.2844.read.1.tlog
C:\Users\Enryu100\Documents\GitHub\ICT397_Main_Project\BiteClub\BiteClub\Debug\link.2844.write.1.tlog
C:\Users\Enryu100\Documents\GitHub\ICT397_Main_Project\BiteClub\BiteClub\Debug\link.3328-cvtres.read.1.tlog
C:\Users\Enryu100\Documents\GitHub\ICT397_Main_Project\BiteClub\BiteClub\Debug\link.3328-cvtres.write.1.tlog
C:\Users\Enryu100\Documents\GitHub\ICT397_Main_Project\BiteClub\BiteClub\Debug\link.3328-rc.read.1.tlog
C:\Users\Enryu100\Documents\GitHub\ICT397_Main_Project\BiteClub\BiteClub\Debug\link.3328-rc.write.1.tlog
C:\Users\Enryu100\Documents\GitHub\ICT397_Main_Project\BiteClub\BiteClub\Debug\link.3328.read.1.tlog
C:\Users\Enryu100\Documents\GitHub\ICT397_Main_Project\BiteClub\BiteClub\Debug\link.3328.write.1.tlog
C:\Users\Enryu100\Documents\GitHub\ICT397_Main_Project\BiteClub\BiteClub\Debug\link.3712-cvtres.read.1.tlog
C:\Users\Enryu100\Documents\GitHub\ICT397_Main_Project\BiteClub\BiteClub\Debug\link.3712-cvtres.write.1.tlog
C:\Users\Enryu100\Documents\GitHub\ICT397_Main_Project\BiteClub\BiteClub\Debug\link.3712-rc.read.1.tlog
C:\Users\Enryu100\Documents\GitHub\ICT397_Main_Project\BiteClub\BiteClub\Debug\link.3712-rc.write.1.tlog
C:\Users\Enryu100\Documents\GitHub\ICT397_Main_Project\BiteClub\BiteClub\Debug\link.3712.read.1.tlog
C:\Users\Enryu100\Documents\GitHub\ICT397_Main_Project\BiteClub\BiteClub\Debug\link.3712.write.1.tlog
C:\Users\Enryu100\Documents\GitHub\ICT397_Main_Project\BiteClub\BiteClub\Debug\link.3744-cvtres.read.1.tlog
C:\Users\Enryu100\Documents\GitHub\ICT397_Main_Project\BiteClub\BiteClub\Debug\link.3744-cvtres.write.1.tlog
C:\Users\Enryu100\Documents\GitHub\ICT397_Main_Project\BiteClub\BiteClub\Debug\link.3744-rc.read.1.tlog
C:\Users\Enryu100\Documents\GitHub\ICT397_Main_Project\BiteClub\BiteClub\Debug\link.3744-rc.write.1.tlog
C:\Users\Enryu100\Documents\GitHub\ICT397_Main_Project\BiteClub\BiteClub\Debug\link.3744.read.1.tlog
C:\Users\Enryu100\Documents\GitHub\ICT397_Main_Project\BiteClub\BiteClub\Debug\link.3744.write.1.tlog
C:\Users\Enryu100\Documents\GitHub\ICT397_Main_Project\BiteClub\BiteClub\Debug\link.524-cvtres.read.1.tlog
C:\Users\Enryu100\Documents\GitHub\ICT397_Main_Project\BiteClub\BiteClub\Debug\link.524-cvtres.write.1.tlog
C:\Users\Enryu100\Documents\GitHub\ICT397_Main_Project\BiteClub\BiteClub\Debug\link.524-rc.read.1.tlog
C:\Users\Enryu100\Documents\GitHub\ICT397_Main_Project\BiteClub\BiteClub\Debug\link.524-rc.write.1.tlog
C:\Users\Enryu100\Documents\GitHub\ICT397_Main_Project\BiteClub\BiteClub\Debug\link.524.read.1.tlog
C:\Users\Enryu100\Documents\GitHub\ICT397_Main_Project\BiteClub\BiteClub\Debug\link.524.write.1.tlog
C:\Users\Enryu100\Documents\GitHub\ICT397_Main_Project\BiteClub\BiteClub\Debug\link.5320-cvtres.read.1.tlog
C:\Users\Enryu100\Documents\GitHub\ICT397_Main_Project\BiteClub\BiteClub\Debug\link.5320-cvtres.write.1.tlog
C:\Users\Enryu100\Documents\GitHub\ICT397_Main_Project\BiteClub\BiteClub\Debug\link.5320-rc.read.1.tlog
C:\Users\Enryu100\Documents\GitHub\ICT397_Main_Project\BiteClub\BiteClub\Debug\link.5320-rc.write.1.tlog
C:\Users\Enryu100\Documents\GitHub\ICT397_Main_Project\BiteClub\BiteClub\Debug\link.5320.read.1.tlog
C:\Users\Enryu100\Documents\GitHub\ICT397_Main_Project\BiteClub\BiteClub\Debug\link.5320.write.1.tlog
C:\Users\Enryu100\Documents\GitHub\ICT397_Main_Project\BiteClub\BiteClub\Debug\link.5680-cvtres.read.1.tlog
C:\Users\Enryu100\Documents\GitHub\ICT397_Main_Project\BiteClub\BiteClub\Debug\link.5680-cvtres.write.1.tlog
C:\Users\Enryu100\Documents\GitHub\ICT397_Main_Project\BiteClub\BiteClub\Debug\link.5680-rc.read.1.tlog
C:\Users\Enryu100\Documents\GitHub\ICT397_Main_Project\BiteClub\BiteClub\Debug\link.5680-rc.write.1.tlog
C:\Users\Enryu100\Documents\GitHub\ICT397_Main_Project\BiteClub\BiteClub\Debug\link.5680.read.1.tlog
C:\Users\Enryu100\Documents\GitHub\ICT397_Main_Project\BiteClub\BiteClub\Debug\link.5680.write.1.tlog
C:\Users\Enryu100\Documents\GitHub\ICT397_Main_Project\BiteClub\BiteClub\Debug\link.5768-cvtres.read.1.tlog
C:\Users\Enryu100\Documents\GitHub\ICT397_Main_Project\BiteClub\BiteClub\Debug\link.5768-cvtres.write.1.tlog
C:\Users\Enryu100\Documents\GitHub\ICT397_Main_Project\BiteClub\BiteClub\Debug\link.5768-rc.read.1.tlog
C:\Users\Enryu100\Documents\GitHub\ICT397_Main_Project\BiteClub\BiteClub\Debug\link.5768-rc.write.1.tlog
C:\Users\Enryu100\Documents\GitHub\ICT397_Main_Project\BiteClub\BiteClub\Debug\link.5768.read.1.tlog
C:\Users\Enryu100\Documents\GitHub\ICT397_Main_Project\BiteClub\BiteClub\Debug\link.5768.write.1.tlog
C:\Users\Enryu100\Documents\GitHub\ICT397_Main_Project\BiteClub\BiteClub\Debug\link.5780-cvtres.read.1.tlog
C:\Users\Enryu100\Documents\GitHub\ICT397_Main_Project\BiteClub\BiteClub\Debug\link.5780-cvtres.write.1.tlog
C:\Users\Enryu100\Documents\GitHub\ICT397_Main_Project\BiteClub\BiteClub\Debug\link.5780-rc.read.1.tlog
C:\Users\Enryu100\Documents\GitHub\ICT397_Main_Project\BiteClub\BiteClub\Debug\link.5780-rc.write.1.tlog
C:\Users\Enryu100\Documents\GitHub\ICT397_Main_Project\BiteClub\BiteClub\Debug\link.5780.read.1.tlog
C:\Users\Enryu100\Documents\GitHub\ICT397_Main_Project\BiteClub\BiteClub\Debug\link.5780.write.1.tlog
C:\Users\Enryu100\Documents\GitHub\ICT397_Main_Project\BiteClub\BiteClub\Debug\link.5820-cvtres.read.1.tlog
C:\Users\Enryu100\Documents\GitHub\ICT397_Main_Project\BiteClub\BiteClub\Debug\link.5820-cvtres.write.1.tlog
C:\Users\Enryu100\Documents\GitHub\ICT397_Main_Project\BiteClub\BiteClub\Debug\link.5820-rc.read.1.tlog
C:\Users\Enryu100\Documents\GitHub\ICT397_Main_Project\BiteClub\BiteClub\Debug\link.5820-rc.write.1.tlog
C:\Users\Enryu100\Documents\GitHub\ICT397_Main_Project\BiteClub\BiteClub\Debug\link.5820.read.1.tlog
C:\Users\Enryu100\Documents\GitHub\ICT397_Main_Project\BiteClub\BiteClub\Debug\link.5820.write.1.tlog
C:\Users\Enryu100\Documents\GitHub\ICT397_Main_Project\BiteClub\BiteClub\Debug\link.6340-cvtres.read.1.tlog
C:\Users\Enryu100\Documents\GitHub\ICT397_Main_Project\BiteClub\BiteClub\Debug\link.6340-cvtres.write.1.tlog
C:\Users\Enryu100\Documents\GitHub\ICT397_Main_Project\BiteClub\BiteClub\Debug\link.6340-rc.read.1.tlog
C:\Users\Enryu100\Documents\GitHub\ICT397_Main_Project\BiteClub\BiteClub\Debug\link.6340-rc.write.1.tlog
C:\Users\Enryu100\Documents\GitHub\ICT397_Main_Project\BiteClub\BiteClub\Debug\link.6340.read.1.tlog
C:\Users\Enryu100\Documents\GitHub\ICT397_Main_Project\BiteClub\BiteClub\Debug\link.6340.write.1.tlog
C:\Users\Enryu100\Documents\GitHub\ICT397_Main_Project\BiteClub\BiteClub\Debug\link.6736-cvtres.read.1.tlog
C:\Users\Enryu100\Documents\GitHub\ICT397_Main_Project\BiteClub\BiteClub\Debug\link.6736-cvtres.write.1.tlog
C:\Users\Enryu100\Documents\GitHub\ICT397_Main_Project\BiteClub\BiteClub\Debug\link.6736-rc.read.1.tlog
C:\Users\Enryu100\Documents\GitHub\ICT397_Main_Project\BiteClub\BiteClub\Debug\link.6736-rc.write.1.tlog
C:\Users\Enryu100\Documents\GitHub\ICT397_Main_Project\BiteClub\BiteClub\Debug\link.6736.read.1.tlog
C:\Users\Enryu100\Documents\GitHub\ICT397_Main_Project\BiteClub\BiteClub\Debug\link.6736.write.1.tlog
C:\Users\Enryu100\Documents\GitHub\ICT397_Main_Project\BiteClub\BiteClub\Debug\link.6768-cvtres.read.1.tlog
C:\Users\Enryu100\Documents\GitHub\ICT397_Main_Project\BiteClub\BiteClub\Debug\link.6768-cvtres.write.1.tlog
C:\Users\Enryu100\Documents\GitHub\ICT397_Main_Project\BiteClub\BiteClub\Debug\link.6768-rc.read.1.tlog
C:\Users\Enryu100\Documents\GitHub\ICT397_Main_Project\BiteClub\BiteClub\Debug\link.6768-rc.write.1.tlog
C:\Users\Enryu100\Documents\GitHub\ICT397_Main_Project\BiteClub\BiteClub\Debug\link.6768.read.1.tlog
C:\Users\Enryu100\Documents\GitHub\ICT397_Main_Project\BiteClub\BiteClub\Debug\link.6768.write.1.tlog
C:\Users\Enryu100\Documents\GitHub\ICT397_Main_Project\BiteClub\BiteClub\Debug\link.6800-cvtres.read.1.tlog
C:\Users\Enryu100\Documents\GitHub\ICT397_Main_Project\BiteClub\BiteClub\Debug\link.6800-cvtres.write.1.tlog
C:\Users\Enryu100\Documents\GitHub\ICT397_Main_Project\BiteClub\BiteClub\Debug\link.6800-rc.read.1.tlog
C:\Users\Enryu100\Documents\GitHub\ICT397_Main_Project\BiteClub\BiteClub\Debug\link.6800-rc.write.1.tlog
C:\Users\Enryu100\Documents\GitHub\ICT397_Main_Project\BiteClub\BiteClub\Debug\link.6800.read.1.tlog
C:\Users\Enryu100\Documents\GitHub\ICT397_Main_Project\BiteClub\BiteClub\Debug\link.6800.write.1.tlog
C:\Users\Enryu100\Documents\GitHub\ICT397_Main_Project\BiteClub\BiteClub\Debug\link.7380-cvtres.read.1.tlog
C:\Users\Enryu100\Documents\GitHub\ICT397_Main_Project\BiteClub\BiteClub\Debug\link.7380-cvtres.write.1.tlog
C:\Users\Enryu100\Documents\GitHub\ICT397_Main_Project\BiteClub\BiteClub\Debug\link.7380-rc.read.1.tlog
C:\Users\Enryu100\Documents\GitHub\ICT397_Main_Project\BiteClub\BiteClub\Debug\link.7380-rc.write.1.tlog
C:\Users\Enryu100\Documents\GitHub\ICT397_Main_Project\BiteClub\BiteClub\Debug\link.7380.read.1.tlog
C:\Users\Enryu100\Documents\GitHub\ICT397_Main_Project\BiteClub\BiteClub\Debug\link.7380.write.1.tlog
C:\Users\Enryu100\Documents\GitHub\ICT397_Main_Project\BiteClub\BiteClub\Debug\link.7676-cvtres.read.1.tlog
C:\Users\Enryu100\Documents\GitHub\ICT397_Main_Project\BiteClub\BiteClub\Debug\link.7676-cvtres.write.1.tlog
C:\Users\Enryu100\Documents\GitHub\ICT397_Main_Project\BiteClub\BiteClub\Debug\link.7676-rc.read.1.tlog
C:\Users\Enryu100\Documents\GitHub\ICT397_Main_Project\BiteClub\BiteClub\Debug\link.7676-rc.write.1.tlog
C:\Users\Enryu100\Documents\GitHub\ICT397_Main_Project\BiteClub\BiteClub\Debug\link.7676.read.1.tlog
C:\Users\Enryu100\Documents\GitHub\ICT397_Main_Project\BiteClub\BiteClub\Debug\link.7676.write.1.tlog
C:\Users\Enryu100\Documents\GitHub\ICT397_Main_Project\BiteClub\BiteClub\Debug\link.8024-cvtres.read.1.tlog
C:\Users\Enryu100\Documents\GitHub\ICT397_Main_Project\BiteClub\BiteClub\Debug\link.8024-cvtres.write.1.tlog
C:\Users\Enryu100\Documents\GitHub\ICT397_Main_Project\BiteClub\BiteClub\Debug\link.8024-rc.read.1.tlog
C:\Users\Enryu100\Documents\GitHub\ICT397_Main_Project\BiteClub\BiteClub\Debug\link.8024-rc.write.1.tlog
C:\Users\Enryu100\Documents\GitHub\ICT397_Main_Project\BiteClub\BiteClub\Debug\link.8024.read.1.tlog
C:\Users\Enryu100\Documents\GitHub\ICT397_Main_Project\BiteClub\BiteClub\Debug\link.8024.write.1.tlog
C:\Users\Enryu100\Documents\GitHub\ICT397_Main_Project\BiteClub\BiteClub\Debug\link.8812-cvtres.read.1.tlog
C:\Users\Enryu100\Documents\GitHub\ICT397_Main_Project\BiteClub\BiteClub\Debug\link.8812-cvtres.write.1.tlog
C:\Users\Enryu100\Documents\GitHub\ICT397_Main_Project\BiteClub\BiteClub\Debug\link.8812-rc.read.1.tlog
C:\Users\Enryu100\Documents\GitHub\ICT397_Main_Project\BiteClub\BiteClub\Debug\link.8812-rc.write.1.tlog
C:\Users\Enryu100\Documents\GitHub\ICT397_Main_Project\BiteClub\BiteClub\Debug\link.8812.read.1.tlog
C:\Users\Enryu100\Documents\GitHub\ICT397_Main_Project\BiteClub\BiteClub\Debug\link.8812.write.1.tlog
C:\Users\Enryu100\Documents\GitHub\ICT397_Main_Project\BiteClub\BiteClub\Debug\link.9512-cvtres.read.1.tlog
C:\Users\Enryu100\Documents\GitHub\ICT397_Main_Project\BiteClub\BiteClub\Debug\link.9512-cvtres.write.1.tlog
C:\Users\Enryu100\Documents\GitHub\ICT397_Main_Project\BiteClub\BiteClub\Debug\link.9512-rc.read.1.tlog
C:\Users\Enryu100\Documents\GitHub\ICT397_Main_Project\BiteClub\BiteClub\Debug\link.9512-rc.write.1.tlog
C:\Users\Enryu100\Documents\GitHub\ICT397_Main_Project\BiteClub\BiteClub\Debug\link.9512.read.1.tlog
C:\Users\Enryu100\Documents\GitHub\ICT397_Main_Project\BiteClub\BiteClub\Debug\link.9512.write.1.tlog
C:\Users\Enryu100\Documents\GitHub\ICT397_Main_Project\BiteClub\BiteClub\Debug\link.9600-cvtres.read.1.tlog
C:\Users\Enryu100\Documents\GitHub\ICT397_Main_Project\BiteClub\BiteClub\Debug\link.9600-cvtres.write.1.tlog
C:\Users\Enryu100\Documents\GitHub\ICT397_Main_Project\BiteClub\BiteClub\Debug\link.9600-rc.read.1.tlog
C:\Users\Enryu100\Documents\GitHub\ICT397_Main_Project\BiteClub\BiteClub\Debug\link.9600-rc.write.1.tlog
C:\Users\Enryu100\Documents\GitHub\ICT397_Main_Project\BiteClub\BiteClub\Debug\link.9600.read.1.tlog
C:\Users\Enryu100\Documents\GitHub\ICT397_Main_Project\BiteClub\BiteClub\Debug\link.9600.write.1.tlog
C:\Users\Enryu100\Documents\GitHub\ICT397_Main_Project\BiteClub\BiteClub\Debug\link.9652-cvtres.read.1.tlog
C:\Users\Enryu100\Documents\GitHub\ICT397_Main_Project\BiteClub\BiteClub\Debug\link.9652-cvtres.write.1.tlog
C:\Users\Enryu100\Documents\GitHub\ICT397_Main_Project\BiteClub\BiteClub\Debug\link.9652-rc.read.1.tlog
C:\Users\Enryu100\Documents\GitHub\ICT397_Main_Project\BiteClub\BiteClub\Debug\link.9652-rc.write.1.tlog
C:\Users\Enryu100\Documents\GitHub\ICT397_Main_Project\BiteClub\BiteClub\Debug\link.9652.read.1.tlog
C:\Users\Enryu100\Documents\GitHub\ICT397_Main_Project\BiteClub\BiteClub\Debug\link.9652.write.1.tlog
C:\Users\Enryu100\Documents\GitHub\ICT397_Main_Project\BiteClub\BiteClub\Debug\link.9964-cvtres.read.1.tlog
C:\Users\Enryu100\Documents\GitHub\ICT397_Main_Project\BiteClub\BiteClub\Debug\link.9964-cvtres.write.1.tlog
C:\Users\Enryu100\Documents\GitHub\ICT397_Main_Project\BiteClub\BiteClub\Debug\link.9964-rc.read.1.tlog
C:\Users\Enryu100\Documents\GitHub\ICT397_Main_Project\BiteClub\BiteClub\Debug\link.9964-rc.write.1.tlog
C:\Users\Enryu100\Documents\GitHub\ICT397_Main_Project\BiteClub\BiteClub\Debug\link.9964.read.1.tlog
C:\Users\Enryu100\Documents\GitHub\ICT397_Main_Project\BiteClub\BiteClub\Debug\link.9964.write.1.tlog
C:\Users\Enryu100\Documents\GitHub\ICT397_Main_Project\BiteClub\BiteClub\Debug\link.command.1.tlog
C:\Users\Enryu100\Documents\GitHub\ICT397_Main_Project\BiteClub\BiteClub\Debug\link.read.1.tlog
C:\Users\Enryu100\Documents\GitHub\ICT397_Main_Project\BiteClub\BiteClub\Debug\link.write.1.tlog
C:\Users\Enryu100\Documents\GitHub\ICT397_Main_Project\BiteClub\BiteClub\Debug\vc110.idb
C:\Users\Enryu100\Documents\GitHub\ICT397_Main_Project\BiteClub\BiteClub\Debug\vc110.pdb
C:\Users\Enryu100\Documents\GitHub\ICT397_Main_Project\BiteClub\Debug\BiteClub.pdb
C:\Users\Enryu100\Documents\GitHub\ICT397_Main_Project\BiteClub\Debug\BiteClub.exe
C:\Users\Enryu100\Documents\GitHub\ICT397_Main_Project\BiteClub\Debug\BiteClub.ilk
